<?xml version="1.0" encoding="UTF-8"?>
<testsuite name="project.vendingmachine.VendingMachineApplicationTests" tests="4" skipped="0" failures="0" errors="0" timestamp="2022-06-06T11:31:50" hostname="Lungelos-Air.mshome.net" time="0.064">
  <properties/>
  <testcase name="testGetChangeFrom100()" classname="project.vendingmachine.VendingMachineApplicationTests" time="0.039"/>
  <testcase name="testGetChangeFrom30()" classname="project.vendingmachine.VendingMachineApplicationTests" time="0.005"/>
  <testcase name="testGetChangeFrom50()" classname="project.vendingmachine.VendingMachineApplicationTests" time="0.005"/>
  <testcase name="testGetChangeFrom30_50()" classname="project.vendingmachine.VendingMachineApplicationTests" time="0.009"/>
  <system-out><![CDATA[13:31:49.800 [Test worker] DEBUG org.springframework.test.context.BootstrapUtils - Instantiating CacheAwareContextLoaderDelegate from class [org.springframework.test.context.cache.DefaultCacheAwareContextLoaderDelegate]
13:31:49.804 [Test worker] DEBUG org.springframework.test.context.BootstrapUtils - Instantiating BootstrapContext using constructor [public org.springframework.test.context.support.DefaultBootstrapContext(java.lang.Class,org.springframework.test.context.CacheAwareContextLoaderDelegate)]
13:31:49.818 [Test worker] DEBUG org.springframework.test.context.BootstrapUtils - Instantiating TestContextBootstrapper for test class [project.vendingmachine.VendingMachineApplicationTests] from class [org.springframework.boot.test.context.SpringBootTestContextBootstrapper]
13:31:49.824 [Test worker] INFO org.springframework.boot.test.context.SpringBootTestContextBootstrapper - Neither @ContextConfiguration nor @ContextHierarchy found for test class [project.vendingmachine.VendingMachineApplicationTests], using SpringBootContextLoader
13:31:49.825 [Test worker] DEBUG org.springframework.test.context.support.AbstractContextLoader - Did not detect default resource location for test class [project.vendingmachine.VendingMachineApplicationTests]: class path resource [project/vendingmachine/VendingMachineApplicationTests-context.xml] does not exist
13:31:49.825 [Test worker] DEBUG org.springframework.test.context.support.AbstractContextLoader - Did not detect default resource location for test class [project.vendingmachine.VendingMachineApplicationTests]: class path resource [project/vendingmachine/VendingMachineApplicationTestsContext.groovy] does not exist
13:31:49.825 [Test worker] INFO org.springframework.test.context.support.AbstractContextLoader - Could not detect default resource locations for test class [project.vendingmachine.VendingMachineApplicationTests]: no resource found for suffixes {-context.xml, Context.groovy}.
13:31:49.865 [Test worker] DEBUG org.springframework.context.annotation.ClassPathScanningCandidateComponentProvider - Identified candidate component class: file [/Users/lungeloncube/Documents/GitHub/change_solution/build/classes/kotlin/main/project/vendingmachine/VendingMachineApplication.class]
13:31:49.866 [Test worker] INFO org.springframework.boot.test.context.SpringBootTestContextBootstrapper - Found @SpringBootConfiguration project.vendingmachine.VendingMachineApplication for test class project.vendingmachine.VendingMachineApplicationTests
13:31:49.900 [Test worker] DEBUG org.springframework.boot.test.context.SpringBootTestContextBootstrapper - @TestExecutionListeners is not present for class [project.vendingmachine.VendingMachineApplicationTests]: using defaults.
13:31:49.900 [Test worker] INFO org.springframework.boot.test.context.SpringBootTestContextBootstrapper - Loaded default TestExecutionListener class names from location [META-INF/spring.factories]: [org.springframework.boot.test.autoconfigure.restdocs.RestDocsTestExecutionListener, org.springframework.boot.test.autoconfigure.web.client.MockRestServiceServerResetTestExecutionListener, org.springframework.boot.test.autoconfigure.web.servlet.MockMvcPrintOnlyOnFailureTestExecutionListener, org.springframework.boot.test.autoconfigure.web.servlet.WebDriverTestExecutionListener, org.springframework.boot.test.autoconfigure.webservices.client.MockWebServiceServerTestExecutionListener, org.springframework.boot.test.mock.mockito.MockitoTestExecutionListener, org.springframework.boot.test.mock.mockito.ResetMocksTestExecutionListener, org.springframework.test.context.web.ServletTestExecutionListener, org.springframework.test.context.support.DirtiesContextBeforeModesTestExecutionListener, org.springframework.test.context.event.ApplicationEventsTestExecutionListener, org.springframework.test.context.support.DependencyInjectionTestExecutionListener, org.springframework.test.context.support.DirtiesContextTestExecutionListener, org.springframework.test.context.transaction.TransactionalTestExecutionListener, org.springframework.test.context.jdbc.SqlScriptsTestExecutionListener, org.springframework.test.context.event.EventPublishingTestExecutionListener]
13:31:49.904 [Test worker] DEBUG org.springframework.boot.test.context.SpringBootTestContextBootstrapper - Skipping candidate TestExecutionListener [org.springframework.test.context.transaction.TransactionalTestExecutionListener] due to a missing dependency. Specify custom listener classes or make the default listener classes and their required dependencies available. Offending class: [org/springframework/transaction/interceptor/TransactionAttributeSource]
13:31:49.904 [Test worker] DEBUG org.springframework.boot.test.context.SpringBootTestContextBootstrapper - Skipping candidate TestExecutionListener [org.springframework.test.context.jdbc.SqlScriptsTestExecutionListener] due to a missing dependency. Specify custom listener classes or make the default listener classes and their required dependencies available. Offending class: [org/springframework/transaction/interceptor/TransactionAttribute]
13:31:49.904 [Test worker] INFO org.springframework.boot.test.context.SpringBootTestContextBootstrapper - Using TestExecutionListeners: [org.springframework.test.context.web.ServletTestExecutionListener@1e63ec0b, org.springframework.test.context.support.DirtiesContextBeforeModesTestExecutionListener@3b956878, org.springframework.test.context.event.ApplicationEventsTestExecutionListener@36546a22, org.springframework.boot.test.mock.mockito.MockitoTestExecutionListener@285c08c8, org.springframework.boot.test.autoconfigure.SpringBootDependencyInjectionTestExecutionListener@295eaa7c, org.springframework.test.context.support.DirtiesContextTestExecutionListener@3918c187, org.springframework.test.context.event.EventPublishingTestExecutionListener@2c88b9fc, org.springframework.boot.test.autoconfigure.restdocs.RestDocsTestExecutionListener@64dafeed, org.springframework.boot.test.autoconfigure.web.client.MockRestServiceServerResetTestExecutionListener@388ba540, org.springframework.boot.test.autoconfigure.web.servlet.MockMvcPrintOnlyOnFailureTestExecutionListener@47605f2f, org.springframework.boot.test.autoconfigure.web.servlet.WebDriverTestExecutionListener@2ece4966, org.springframework.boot.test.autoconfigure.webservices.client.MockWebServiceServerTestExecutionListener@1dd0e7c4, org.springframework.boot.test.mock.mockito.ResetMocksTestExecutionListener@7894f09b]
13:31:49.906 [Test worker] DEBUG org.springframework.test.context.support.AbstractDirtiesContextTestExecutionListener - Before test class: context [DefaultTestContext@1eb6749b testClass = VendingMachineApplicationTests, testInstance = [null], testMethod = [null], testException = [null], mergedContextConfiguration = [WebMergedContextConfiguration@652a7737 testClass = VendingMachineApplicationTests, locations = '{}', classes = '{class project.vendingmachine.VendingMachineApplication, class project.vendingmachine.VendingMachineApplicationTests$ControllerTestConfig}', contextInitializerClasses = '[]', activeProfiles = '{test}', propertySourceLocations = '{}', propertySourceProperties = '{spring.example.property=foobar, org.springframework.boot.test.context.SpringBootTestContextBootstrapper=true, server.port=0}', contextCustomizers = set[org.springframework.boot.test.autoconfigure.actuate.metrics.MetricsExportContextCustomizerFactory$DisableMetricExportContextCustomizer@58ce9668, org.springframework.boot.test.autoconfigure.properties.PropertyMappingContextCustomizer@0, org.springframework.boot.test.autoconfigure.web.servlet.WebDriverContextCustomizerFactory$Customizer@6c2c1385, org.springframework.boot.test.context.filter.ExcludeFilterContextCustomizer@146dfe6, org.springframework.boot.test.json.DuplicateJsonObjectContextCustomizerFactory$DuplicateJsonObjectContextCustomizer@6af9fcb2, org.springframework.boot.test.mock.mockito.MockitoContextCustomizer@0, org.springframework.boot.test.web.client.TestRestTemplateContextCustomizer@a4add54, org.springframework.boot.test.context.SpringBootTestArgs@1, org.springframework.boot.test.context.SpringBootTestWebEnvironment@394a2528], resourceBasePath = 'src/main/webapp', contextLoader = 'org.springframework.boot.test.context.SpringBootContextLoader', parent = [null]], attributes = map['org.springframework.test.context.web.ServletTestExecutionListener.activateListener' -> false]], class annotated with @DirtiesContext [false] with mode [null].
13:31:50.136 [Test worker] DEBUG org.springframework.test.context.support.DependencyInjectionTestExecutionListener - Performing dependency injection for test context [[DefaultTestContext@1eb6749b testClass = VendingMachineApplicationTests, testInstance = project.vendingmachine.VendingMachineApplicationTests@59901c4d, testMethod = [null], testException = [null], mergedContextConfiguration = [WebMergedContextConfiguration@652a7737 testClass = VendingMachineApplicationTests, locations = '{}', classes = '{class project.vendingmachine.VendingMachineApplication, class project.vendingmachine.VendingMachineApplicationTests$ControllerTestConfig}', contextInitializerClasses = '[]', activeProfiles = '{test}', propertySourceLocations = '{}', propertySourceProperties = '{spring.example.property=foobar, org.springframework.boot.test.context.SpringBootTestContextBootstrapper=true, server.port=0}', contextCustomizers = set[org.springframework.boot.test.autoconfigure.actuate.metrics.MetricsExportContextCustomizerFactory$DisableMetricExportContextCustomizer@58ce9668, org.springframework.boot.test.autoconfigure.properties.PropertyMappingContextCustomizer@0, org.springframework.boot.test.autoconfigure.web.servlet.WebDriverContextCustomizerFactory$Customizer@6c2c1385, org.springframework.boot.test.context.filter.ExcludeFilterContextCustomizer@146dfe6, org.springframework.boot.test.json.DuplicateJsonObjectContextCustomizerFactory$DuplicateJsonObjectContextCustomizer@6af9fcb2, org.springframework.boot.test.mock.mockito.MockitoContextCustomizer@0, org.springframework.boot.test.web.client.TestRestTemplateContextCustomizer@a4add54, org.springframework.boot.test.context.SpringBootTestArgs@1, org.springframework.boot.test.context.SpringBootTestWebEnvironment@394a2528], resourceBasePath = 'src/main/webapp', contextLoader = 'org.springframework.boot.test.context.SpringBootContextLoader', parent = [null]], attributes = map['org.springframework.test.context.web.ServletTestExecutionListener.activateListener' -> false, 'org.springframework.test.context.event.ApplicationEventsTestExecutionListener.recordApplicationEvents' -> false]]].

  .   ____          _            __ _ _
 /\\ / ___'_ __ _ _(_)_ __  __ _ \ \ \ \
( ( )\___ | '_ | '_| | '_ \/ _` | \ \ \ \
 \\/  ___)| |_)| | | | | || (_| |  ) ) ) )
  '  |____| .__|_| |_|_| |_\__, | / / / /
 =========|_|==============|___/=/_/_/_/
 :: Spring Boot ::                (v2.7.0)

2022-06-06 13:31:50.263  INFO 46357 --- [    Test worker] p.v.VendingMachineApplicationTests       : Starting VendingMachineApplicationTests using Java 17.0.3 on Lungelos-MacBook-Air.local with PID 46357 (started by lungeloncube in /Users/lungeloncube/Documents/GitHub/change_solution)
2022-06-06 13:31:50.264  INFO 46357 --- [    Test worker] p.v.VendingMachineApplicationTests       : The following 1 profile is active: "test"
2022-06-06 13:31:50.622  INFO 46357 --- [    Test worker] o.s.b.w.embedded.tomcat.TomcatWebServer  : Tomcat initialized with port(s): 0 (http)
2022-06-06 13:31:50.626  INFO 46357 --- [    Test worker] o.apache.catalina.core.StandardService   : Starting service [Tomcat]
2022-06-06 13:31:50.627  INFO 46357 --- [    Test worker] org.apache.catalina.core.StandardEngine  : Starting Servlet engine: [Apache Tomcat/9.0.63]
2022-06-06 13:31:50.671  INFO 46357 --- [    Test worker] o.a.c.c.C.[Tomcat].[localhost].[/]       : Initializing Spring embedded WebApplicationContext
2022-06-06 13:31:50.671  INFO 46357 --- [    Test worker] w.s.c.ServletWebServerApplicationContext : Root WebApplicationContext: initialization completed in 398 ms
2022-06-06 13:31:50.825  INFO 46357 --- [    Test worker] o.s.b.a.w.s.WelcomePageHandlerMapping    : Adding welcome page: class path resource [static/index.html]
2022-06-06 13:31:50.899  INFO 46357 --- [    Test worker] o.s.b.w.embedded.tomcat.TomcatWebServer  : Tomcat started on port(s): 57939 (http) with context path ''
2022-06-06 13:31:50.904  INFO 46357 --- [    Test worker] p.v.VendingMachineApplicationTests       : Started VendingMachineApplicationTests in 0.758 seconds (JVM running for 1.436)
]]></system-out>
  <system-err><![CDATA[]]></system-err>
</testsuite>
