<?xml version="1.0" encoding="UTF-8"?>
<testsuite name="project.vendingmachine.VendingMachineApplicationTests" tests="1" skipped="0" failures="0" errors="0" timestamp="2022-06-05T22:25:46" hostname="Lungelos-MacBook-Air.local" time="0.045">
  <properties/>
  <testcase name="testGetChangeFrom30()" classname="project.vendingmachine.VendingMachineApplicationTests" time="0.045"/>
  <system-out><![CDATA[00:25:45.046 [Test worker] DEBUG org.springframework.test.context.BootstrapUtils - Instantiating CacheAwareContextLoaderDelegate from class [org.springframework.test.context.cache.DefaultCacheAwareContextLoaderDelegate]
00:25:45.050 [Test worker] DEBUG org.springframework.test.context.BootstrapUtils - Instantiating BootstrapContext using constructor [public org.springframework.test.context.support.DefaultBootstrapContext(java.lang.Class,org.springframework.test.context.CacheAwareContextLoaderDelegate)]
00:25:45.065 [Test worker] DEBUG org.springframework.test.context.BootstrapUtils - Instantiating TestContextBootstrapper for test class [project.vendingmachine.VendingMachineApplicationTests] from class [org.springframework.boot.test.context.SpringBootTestContextBootstrapper]
00:25:45.071 [Test worker] INFO org.springframework.boot.test.context.SpringBootTestContextBootstrapper - Neither @ContextConfiguration nor @ContextHierarchy found for test class [project.vendingmachine.VendingMachineApplicationTests], using SpringBootContextLoader
00:25:45.072 [Test worker] DEBUG org.springframework.test.context.support.AbstractContextLoader - Did not detect default resource location for test class [project.vendingmachine.VendingMachineApplicationTests]: class path resource [project/vendingmachine/VendingMachineApplicationTests-context.xml] does not exist
00:25:45.072 [Test worker] DEBUG org.springframework.test.context.support.AbstractContextLoader - Did not detect default resource location for test class [project.vendingmachine.VendingMachineApplicationTests]: class path resource [project/vendingmachine/VendingMachineApplicationTestsContext.groovy] does not exist
00:25:45.072 [Test worker] INFO org.springframework.test.context.support.AbstractContextLoader - Could not detect default resource locations for test class [project.vendingmachine.VendingMachineApplicationTests]: no resource found for suffixes {-context.xml, Context.groovy}.
00:25:45.114 [Test worker] DEBUG org.springframework.context.annotation.ClassPathScanningCandidateComponentProvider - Identified candidate component class: file [/Users/lungeloncube/Documents/GitHub/change_solution/build/classes/kotlin/main/project/vendingmachine/VendingMachineApplication.class]
00:25:45.120 [Test worker] INFO org.springframework.boot.test.context.SpringBootTestContextBootstrapper - Found @SpringBootConfiguration project.vendingmachine.VendingMachineApplication for test class project.vendingmachine.VendingMachineApplicationTests
00:25:45.150 [Test worker] DEBUG org.springframework.boot.test.context.SpringBootTestContextBootstrapper - @TestExecutionListeners is not present for class [project.vendingmachine.VendingMachineApplicationTests]: using defaults.
00:25:45.150 [Test worker] INFO org.springframework.boot.test.context.SpringBootTestContextBootstrapper - Loaded default TestExecutionListener class names from location [META-INF/spring.factories]: [org.springframework.boot.test.autoconfigure.restdocs.RestDocsTestExecutionListener, org.springframework.boot.test.autoconfigure.web.client.MockRestServiceServerResetTestExecutionListener, org.springframework.boot.test.autoconfigure.web.servlet.MockMvcPrintOnlyOnFailureTestExecutionListener, org.springframework.boot.test.autoconfigure.web.servlet.WebDriverTestExecutionListener, org.springframework.boot.test.autoconfigure.webservices.client.MockWebServiceServerTestExecutionListener, org.springframework.boot.test.mock.mockito.MockitoTestExecutionListener, org.springframework.boot.test.mock.mockito.ResetMocksTestExecutionListener, org.springframework.test.context.web.ServletTestExecutionListener, org.springframework.test.context.support.DirtiesContextBeforeModesTestExecutionListener, org.springframework.test.context.event.ApplicationEventsTestExecutionListener, org.springframework.test.context.support.DependencyInjectionTestExecutionListener, org.springframework.test.context.support.DirtiesContextTestExecutionListener, org.springframework.test.context.transaction.TransactionalTestExecutionListener, org.springframework.test.context.jdbc.SqlScriptsTestExecutionListener, org.springframework.test.context.event.EventPublishingTestExecutionListener]
00:25:45.155 [Test worker] DEBUG org.springframework.boot.test.context.SpringBootTestContextBootstrapper - Skipping candidate TestExecutionListener [org.springframework.test.context.transaction.TransactionalTestExecutionListener] due to a missing dependency. Specify custom listener classes or make the default listener classes and their required dependencies available. Offending class: [org/springframework/transaction/interceptor/TransactionAttributeSource]
00:25:45.155 [Test worker] DEBUG org.springframework.boot.test.context.SpringBootTestContextBootstrapper - Skipping candidate TestExecutionListener [org.springframework.test.context.jdbc.SqlScriptsTestExecutionListener] due to a missing dependency. Specify custom listener classes or make the default listener classes and their required dependencies available. Offending class: [org/springframework/transaction/interceptor/TransactionAttribute]
00:25:45.155 [Test worker] INFO org.springframework.boot.test.context.SpringBootTestContextBootstrapper - Using TestExecutionListeners: [org.springframework.test.context.web.ServletTestExecutionListener@38be305c, org.springframework.test.context.support.DirtiesContextBeforeModesTestExecutionListener@269f4bad, org.springframework.test.context.event.ApplicationEventsTestExecutionListener@5ed731d0, org.springframework.boot.test.mock.mockito.MockitoTestExecutionListener@3234f74e, org.springframework.boot.test.autoconfigure.SpringBootDependencyInjectionTestExecutionListener@7bc10d84, org.springframework.test.context.support.DirtiesContextTestExecutionListener@275fe372, org.springframework.test.context.event.EventPublishingTestExecutionListener@40e10ff8, org.springframework.boot.test.autoconfigure.restdocs.RestDocsTestExecutionListener@557a1e2d, org.springframework.boot.test.autoconfigure.web.client.MockRestServiceServerResetTestExecutionListener@26a4842b, org.springframework.boot.test.autoconfigure.web.servlet.MockMvcPrintOnlyOnFailureTestExecutionListener@7e38a7fe, org.springframework.boot.test.autoconfigure.web.servlet.WebDriverTestExecutionListener@366ef90e, org.springframework.boot.test.autoconfigure.webservices.client.MockWebServiceServerTestExecutionListener@33e01298, org.springframework.boot.test.mock.mockito.ResetMocksTestExecutionListener@31e75d13]
00:25:45.157 [Test worker] DEBUG org.springframework.test.context.support.AbstractDirtiesContextTestExecutionListener - Before test class: context [DefaultTestContext@56f6d40b testClass = VendingMachineApplicationTests, testInstance = [null], testMethod = [null], testException = [null], mergedContextConfiguration = [WebMergedContextConfiguration@36676c1a testClass = VendingMachineApplicationTests, locations = '{}', classes = '{class project.vendingmachine.VendingMachineApplication, class project.vendingmachine.VendingMachineApplicationTests$ControllerTestConfig}', contextInitializerClasses = '[]', activeProfiles = '{test}', propertySourceLocations = '{}', propertySourceProperties = '{spring.example.property=foobar, org.springframework.boot.test.context.SpringBootTestContextBootstrapper=true, server.port=0}', contextCustomizers = set[org.springframework.boot.test.autoconfigure.actuate.metrics.MetricsExportContextCustomizerFactory$DisableMetricExportContextCustomizer@632ceb35, org.springframework.boot.test.autoconfigure.properties.PropertyMappingContextCustomizer@0, org.springframework.boot.test.autoconfigure.web.servlet.WebDriverContextCustomizerFactory$Customizer@30e868be, org.springframework.boot.test.context.filter.ExcludeFilterContextCustomizer@13ad5cd3, org.springframework.boot.test.json.DuplicateJsonObjectContextCustomizerFactory$DuplicateJsonObjectContextCustomizer@6581dc0a, org.springframework.boot.test.mock.mockito.MockitoContextCustomizer@0, org.springframework.boot.test.web.client.TestRestTemplateContextCustomizer@545b995e, org.springframework.boot.test.context.SpringBootTestArgs@1, org.springframework.boot.test.context.SpringBootTestWebEnvironment@11fc564b], resourceBasePath = 'src/main/webapp', contextLoader = 'org.springframework.boot.test.context.SpringBootContextLoader', parent = [null]], attributes = map['org.springframework.test.context.web.ServletTestExecutionListener.activateListener' -> false]], class annotated with @DirtiesContext [false] with mode [null].
00:25:45.382 [Test worker] DEBUG org.springframework.test.context.support.DependencyInjectionTestExecutionListener - Performing dependency injection for test context [[DefaultTestContext@56f6d40b testClass = VendingMachineApplicationTests, testInstance = project.vendingmachine.VendingMachineApplicationTests@60859f5a, testMethod = [null], testException = [null], mergedContextConfiguration = [WebMergedContextConfiguration@36676c1a testClass = VendingMachineApplicationTests, locations = '{}', classes = '{class project.vendingmachine.VendingMachineApplication, class project.vendingmachine.VendingMachineApplicationTests$ControllerTestConfig}', contextInitializerClasses = '[]', activeProfiles = '{test}', propertySourceLocations = '{}', propertySourceProperties = '{spring.example.property=foobar, org.springframework.boot.test.context.SpringBootTestContextBootstrapper=true, server.port=0}', contextCustomizers = set[org.springframework.boot.test.autoconfigure.actuate.metrics.MetricsExportContextCustomizerFactory$DisableMetricExportContextCustomizer@632ceb35, org.springframework.boot.test.autoconfigure.properties.PropertyMappingContextCustomizer@0, org.springframework.boot.test.autoconfigure.web.servlet.WebDriverContextCustomizerFactory$Customizer@30e868be, org.springframework.boot.test.context.filter.ExcludeFilterContextCustomizer@13ad5cd3, org.springframework.boot.test.json.DuplicateJsonObjectContextCustomizerFactory$DuplicateJsonObjectContextCustomizer@6581dc0a, org.springframework.boot.test.mock.mockito.MockitoContextCustomizer@0, org.springframework.boot.test.web.client.TestRestTemplateContextCustomizer@545b995e, org.springframework.boot.test.context.SpringBootTestArgs@1, org.springframework.boot.test.context.SpringBootTestWebEnvironment@11fc564b], resourceBasePath = 'src/main/webapp', contextLoader = 'org.springframework.boot.test.context.SpringBootContextLoader', parent = [null]], attributes = map['org.springframework.test.context.web.ServletTestExecutionListener.activateListener' -> false, 'org.springframework.test.context.event.ApplicationEventsTestExecutionListener.recordApplicationEvents' -> false]]].

  .   ____          _            __ _ _
 /\\ / ___'_ __ _ _(_)_ __  __ _ \ \ \ \
( ( )\___ | '_ | '_| | '_ \/ _` | \ \ \ \
 \\/  ___)| |_)| | | | | || (_| |  ) ) ) )
  '  |____| .__|_| |_|_| |_\__, | / / / /
 =========|_|==============|___/=/_/_/_/
 :: Spring Boot ::                (v2.7.0)

2022-06-06 00:25:45.508  INFO 39856 --- [    Test worker] p.v.VendingMachineApplicationTests       : Starting VendingMachineApplicationTests using Java 17.0.3 on Lungelos-MacBook-Air.local with PID 39856 (started by lungeloncube in /Users/lungeloncube/Documents/GitHub/change_solution)
2022-06-06 00:25:45.509  INFO 39856 --- [    Test worker] p.v.VendingMachineApplicationTests       : The following 1 profile is active: "test"
2022-06-06 00:25:45.874  INFO 39856 --- [    Test worker] o.s.b.w.embedded.tomcat.TomcatWebServer  : Tomcat initialized with port(s): 0 (http)
2022-06-06 00:25:45.878  INFO 39856 --- [    Test worker] o.apache.catalina.core.StandardService   : Starting service [Tomcat]
2022-06-06 00:25:45.879  INFO 39856 --- [    Test worker] org.apache.catalina.core.StandardEngine  : Starting Servlet engine: [Apache Tomcat/9.0.63]
2022-06-06 00:25:45.924  INFO 39856 --- [    Test worker] o.a.c.c.C.[Tomcat].[localhost].[/]       : Initializing Spring embedded WebApplicationContext
2022-06-06 00:25:45.924  INFO 39856 --- [    Test worker] w.s.c.ServletWebServerApplicationContext : Root WebApplicationContext: initialization completed in 406 ms
2022-06-06 00:25:46.090  INFO 39856 --- [    Test worker] o.s.b.a.w.s.WelcomePageHandlerMapping    : Adding welcome page: class path resource [static/index.html]
2022-06-06 00:25:46.180  INFO 39856 --- [    Test worker] o.s.b.w.embedded.tomcat.TomcatWebServer  : Tomcat started on port(s): 55118 (http) with context path ''
2022-06-06 00:25:46.184  INFO 39856 --- [    Test worker] p.v.VendingMachineApplicationTests       : Started VendingMachineApplicationTests in 0.79 seconds (JVM running for 1.472)
]]></system-out>
  <system-err><![CDATA[]]></system-err>
</testsuite>
